<?xml version="1.0" encoding="UTF-8"?>
<testng-results skipped="0" failed="0" total="1" passed="1">
  <reporter-output>
  </reporter-output>
  <suite name="Default suite" duration-ms="33155" started-at="2016-06-16T04:26:46Z" finished-at="2016-06-16T04:27:19Z">
    <groups>
    </groups>
    <test name="Default test" duration-ms="33155" started-at="2016-06-16T04:26:46Z" finished-at="2016-06-16T04:27:19Z">
      <class name="com.sword.test.MainTest">
        <test-method status="PASS" signature="setup()[pri:0, instance:com.sword.test.MainTest@5ba23b66]" name="setup" is-config="true" duration-ms="3228" started-at="2016-06-16T12:26:46Z" finished-at="2016-06-16T12:26:49Z">
          <reporter-output>
          </reporter-output>
        </test-method> <!-- setup -->
        <test-method status="PASS" signature="keywordDriverTestLogin()[pri:0, instance:com.sword.test.MainTest@5ba23b66]" name="keywordDriverTestLogin" duration-ms="29904" started-at="2016-06-16T12:26:49Z" finished-at="2016-06-16T12:27:19Z">
          <reporter-output>
          </reporter-output>
        </test-method> <!-- keywordDriverTestLogin -->
      </class> <!-- com.sword.test.MainTest -->
    </test> <!-- Default test -->
  </suite> <!-- Default suite -->
</testng-results>
